Traceback (most recent call last):
  File "/usr/local/lib/python3.9/site-packages/jupyter_cache/executors/utils.py", line 51, in single_nb_execution
    executenb(
  File "/usr/local/lib/python3.9/site-packages/nbclient/client.py", line 1112, in execute
    return NotebookClient(nb=nb, resources=resources, km=km, **kwargs).execute()
  File "/usr/local/lib/python3.9/site-packages/nbclient/util.py", line 74, in wrapped
    return just_run(coro(*args, **kwargs))
  File "/usr/local/lib/python3.9/site-packages/nbclient/util.py", line 53, in just_run
    return loop.run_until_complete(coro)
  File "/usr/local/Cellar/python@3.9/3.9.10/Frameworks/Python.framework/Versions/3.9/lib/python3.9/asyncio/base_events.py", line 642, in run_until_complete
    return future.result()
  File "/usr/local/lib/python3.9/site-packages/nbclient/client.py", line 553, in async_execute
    await self.async_execute_cell(
  File "/usr/local/lib/python3.9/site-packages/nbclient/client.py", line 857, in async_execute_cell
    self._check_raise_for_error(cell, exec_reply)
  File "/usr/local/lib/python3.9/site-packages/nbclient/client.py", line 760, in _check_raise_for_error
    raise CellExecutionError.from_cell_and_msg(cell, exec_reply_content)
nbclient.exceptions.CellExecutionError: An error occurred while executing the following cell:
------------------
outputfilename = "../data/tutorial_1.csv"
zipped = list(zip(x, y))
df = pd.DataFrame(zipped, columns=['x', 'y'])
outputfilename = "../data/tutorial_1.csv"
df.to_csv(outputfilename, index=False)
------------------

[0;31m---------------------------------------------------------------------------[0m
[0;31mFileNotFoundError[0m                         Traceback (most recent call last)
Input [0;32mIn [9][0m, in [0;36m<cell line: 5>[0;34m()[0m
[1;32m      3[0m df [38;5;241m=[39m pd[38;5;241m.[39mDataFrame(zipped, columns[38;5;241m=[39m[[38;5;124m'[39m[38;5;124mx[39m[38;5;124m'[39m, [38;5;124m'[39m[38;5;124my[39m[38;5;124m'[39m])
[1;32m      4[0m outputfilename [38;5;241m=[39m [38;5;124m"[39m[38;5;124m../data/tutorial_1.csv[39m[38;5;124m"[39m
[0;32m----> 5[0m [43mdf[49m[38;5;241;43m.[39;49m[43mto_csv[49m[43m([49m[43moutputfilename[49m[43m,[49m[43m [49m[43mindex[49m[38;5;241;43m=[39;49m[38;5;28;43;01mFalse[39;49;00m[43m)[49m

File [0;32m/usr/local/lib/python3.9/site-packages/pandas/core/generic.py:3387[0m, in [0;36mNDFrame.to_csv[0;34m(self, path_or_buf, sep, na_rep, float_format, columns, header, index, index_label, mode, encoding, compression, quoting, quotechar, line_terminator, chunksize, date_format, doublequote, escapechar, decimal, errors, storage_options)[0m
[1;32m   3376[0m df [38;5;241m=[39m [38;5;28mself[39m [38;5;28;01mif[39;00m [38;5;28misinstance[39m([38;5;28mself[39m, ABCDataFrame) [38;5;28;01melse[39;00m [38;5;28mself[39m[38;5;241m.[39mto_frame()
[1;32m   3378[0m formatter [38;5;241m=[39m DataFrameFormatter(
[1;32m   3379[0m     frame[38;5;241m=[39mdf,
[1;32m   3380[0m     header[38;5;241m=[39mheader,
[0;32m   (...)[0m
[1;32m   3384[0m     decimal[38;5;241m=[39mdecimal,
[1;32m   3385[0m )
[0;32m-> 3387[0m [38;5;28;01mreturn[39;00m [43mDataFrameRenderer[49m[43m([49m[43mformatter[49m[43m)[49m[38;5;241;43m.[39;49m[43mto_csv[49m[43m([49m
[1;32m   3388[0m [43m    [49m[43mpath_or_buf[49m[43m,[49m
[1;32m   3389[0m [43m    [49m[43mline_terminator[49m[38;5;241;43m=[39;49m[43mline_terminator[49m[43m,[49m
[1;32m   3390[0m [43m    [49m[43msep[49m[38;5;241;43m=[39;49m[43msep[49m[43m,[49m
[1;32m   3391[0m [43m    [49m[43mencoding[49m[38;5;241;43m=[39;49m[43mencoding[49m[43m,[49m
[1;32m   3392[0m [43m    [49m[43merrors[49m[38;5;241;43m=[39;49m[43merrors[49m[43m,[49m
[1;32m   3393[0m [43m    [49m[43mcompression[49m[38;5;241;43m=[39;49m[43mcompression[49m[43m,[49m
[1;32m   3394[0m [43m    [49m[43mquoting[49m[38;5;241;43m=[39;49m[43mquoting[49m[43m,[49m
[1;32m   3395[0m [43m    [49m[43mcolumns[49m[38;5;241;43m=[39;49m[43mcolumns[49m[43m,[49m
[1;32m   3396[0m [43m    [49m[43mindex_label[49m[38;5;241;43m=[39;49m[43mindex_label[49m[43m,[49m
[1;32m   3397[0m [43m    [49m[43mmode[49m[38;5;241;43m=[39;49m[43mmode[49m[43m,[49m
[1;32m   3398[0m [43m    [49m[43mchunksize[49m[38;5;241;43m=[39;49m[43mchunksize[49m[43m,[49m
[1;32m   3399[0m [43m    [49m[43mquotechar[49m[38;5;241;43m=[39;49m[43mquotechar[49m[43m,[49m
[1;32m   3400[0m [43m    [49m[43mdate_format[49m[38;5;241;43m=[39;49m[43mdate_format[49m[43m,[49m
[1;32m   3401[0m [43m    [49m[43mdoublequote[49m[38;5;241;43m=[39;49m[43mdoublequote[49m[43m,[49m
[1;32m   3402[0m [43m    [49m[43mescapechar[49m[38;5;241;43m=[39;49m[43mescapechar[49m[43m,[49m
[1;32m   3403[0m [43m    [49m[43mstorage_options[49m[38;5;241;43m=[39;49m[43mstorage_options[49m[43m,[49m
[1;32m   3404[0m [43m[49m[43m)[49m

File [0;32m/usr/local/lib/python3.9/site-packages/pandas/io/formats/format.py:1083[0m, in [0;36mDataFrameRenderer.to_csv[0;34m(self, path_or_buf, encoding, sep, columns, index_label, mode, compression, quoting, quotechar, line_terminator, chunksize, date_format, doublequote, escapechar, errors, storage_options)[0m
[1;32m   1062[0m     created_buffer [38;5;241m=[39m [38;5;28;01mFalse[39;00m
[1;32m   1064[0m csv_formatter [38;5;241m=[39m CSVFormatter(
[1;32m   1065[0m     path_or_buf[38;5;241m=[39mpath_or_buf,
[1;32m   1066[0m     line_terminator[38;5;241m=[39mline_terminator,
[0;32m   (...)[0m
[1;32m   1081[0m     formatter[38;5;241m=[39m[38;5;28mself[39m[38;5;241m.[39mfmt,
[1;32m   1082[0m )
[0;32m-> 1083[0m [43mcsv_formatter[49m[38;5;241;43m.[39;49m[43msave[49m[43m([49m[43m)[49m
[1;32m   1085[0m [38;5;28;01mif[39;00m created_buffer:
[1;32m   1086[0m     [38;5;28;01massert[39;00m [38;5;28misinstance[39m(path_or_buf, StringIO)

File [0;32m/usr/local/lib/python3.9/site-packages/pandas/io/formats/csvs.py:228[0m, in [0;36mCSVFormatter.save[0;34m(self)[0m
[1;32m    224[0m [38;5;124;03m"""[39;00m
[1;32m    225[0m [38;5;124;03mCreate the writer & save.[39;00m
[1;32m    226[0m [38;5;124;03m"""[39;00m
[1;32m    227[0m [38;5;66;03m# apply compression and byte/text conversion[39;00m
[0;32m--> 228[0m [38;5;28;01mwith[39;00m [43mget_handle[49m[43m([49m
[1;32m    229[0m [43m    [49m[38;5;28;43mself[39;49m[38;5;241;43m.[39;49m[43mfilepath_or_buffer[49m[43m,[49m
[1;32m    230[0m [43m    [49m[38;5;28;43mself[39;49m[38;5;241;43m.[39;49m[43mmode[49m[43m,[49m
[1;32m    231[0m [43m    [49m[43mencoding[49m[38;5;241;43m=[39;49m[38;5;28;43mself[39;49m[38;5;241;43m.[39;49m[43mencoding[49m[43m,[49m
[1;32m    232[0m [43m    [49m[43merrors[49m[38;5;241;43m=[39;49m[38;5;28;43mself[39;49m[38;5;241;43m.[39;49m[43merrors[49m[43m,[49m
[1;32m    233[0m [43m    [49m[43mcompression[49m[38;5;241;43m=[39;49m[38;5;28;43mself[39;49m[38;5;241;43m.[39;49m[43mcompression[49m[43m,[49m
[1;32m    234[0m [43m    [49m[43mstorage_options[49m[38;5;241;43m=[39;49m[38;5;28;43mself[39;49m[38;5;241;43m.[39;49m[43mstorage_options[49m[43m,[49m
[1;32m    235[0m [43m[49m[43m)[49m [38;5;28;01mas[39;00m handles:
[1;32m    236[0m 
[1;32m    237[0m     [38;5;66;03m# Note: self.encoding is irrelevant here[39;00m
[1;32m    238[0m     [38;5;28mself[39m[38;5;241m.[39mwriter [38;5;241m=[39m csvlib[38;5;241m.[39mwriter(
[1;32m    239[0m         handles[38;5;241m.[39mhandle,  [38;5;66;03m# type: ignore[arg-type][39;00m
[1;32m    240[0m         lineterminator[38;5;241m=[39m[38;5;28mself[39m[38;5;241m.[39mline_terminator,
[0;32m   (...)[0m
[1;32m    245[0m         quotechar[38;5;241m=[39m[38;5;28mself[39m[38;5;241m.[39mquotechar,
[1;32m    246[0m     )
[1;32m    248[0m     [38;5;28mself[39m[38;5;241m.[39m_save()

File [0;32m/usr/local/lib/python3.9/site-packages/pandas/io/common.py:642[0m, in [0;36mget_handle[0;34m(path_or_buf, mode, encoding, compression, memory_map, is_text, errors, storage_options)[0m
[1;32m    640[0m         errors [38;5;241m=[39m [38;5;124m"[39m[38;5;124mreplace[39m[38;5;124m"[39m
[1;32m    641[0m     [38;5;66;03m# Encoding[39;00m
[0;32m--> 642[0m     handle [38;5;241m=[39m [38;5;28;43mopen[39;49m[43m([49m
[1;32m    643[0m [43m        [49m[43mhandle[49m[43m,[49m
[1;32m    644[0m [43m        [49m[43mioargs[49m[38;5;241;43m.[39;49m[43mmode[49m[43m,[49m
[1;32m    645[0m [43m        [49m[43mencoding[49m[38;5;241;43m=[39;49m[43mioargs[49m[38;5;241;43m.[39;49m[43mencoding[49m[43m,[49m
[1;32m    646[0m [43m        [49m[43merrors[49m[38;5;241;43m=[39;49m[43merrors[49m[43m,[49m
[1;32m    647[0m [43m        [49m[43mnewline[49m[38;5;241;43m=[39;49m[38;5;124;43m"[39;49m[38;5;124;43m"[39;49m[43m,[49m
[1;32m    648[0m [43m    [49m[43m)[49m
[1;32m    649[0m [38;5;28;01melse[39;00m:
[1;32m    650[0m     [38;5;66;03m# Binary mode[39;00m
[1;32m    651[0m     handle [38;5;241m=[39m [38;5;28mopen[39m(handle, ioargs[38;5;241m.[39mmode)

[0;31mFileNotFoundError[0m: [Errno 2] No such file or directory: '../data/tutorial_1.csv'
FileNotFoundError: [Errno 2] No such file or directory: '../data/tutorial_1.csv'

